<?xml version="1.0" encoding="UTF-8"?>
<!-- Generated by org.testng.reporters.JUnitXMLReporter -->
<testsuite ignored="0" hostname="LAPTOP-2AVL433R" failures="0" tests="7" name="Default test" time="45.822" errors="0" timestamp="2021-11-09T01:17:08 IST">
  <testcase classname="com.webapplication.test.group.BrowserSpecificGroupTest" name="lauchChromeTest" time="11.57"/>
  <testcase classname="com.webapplication.test.group.BrowserSpecificGroupTest" name="lauchFireFoxTest" time="17.993"/>
  <testcase classname="com.webapplication.test.group.BrowserSpecificGroupTest" name="testAmazonHomepage" time="0.026"/>
  <testcase classname="com.webapplication.test.group.BrowserSpecificGroupTest" name="testFacebookHomePage" time="3.613"/>
  <testcase classname="com.webapplication.test.group.BrowserSpecificGroupTest" name="testFacebookloginTest" time="6.064"/>
  <testcase classname="com.webapplication.test.group.BrowserSpecificGroupTest" name="testHompageSource" time="0.021"/>
  <testcase classname="com.webapplication.test.group.BrowserSpecificGroupTest" name="testSearch1" time="6.457"/>
</testsuite> <!-- Default test -->
