<?xml version="1.0" encoding="UTF-8"?>
<testng-results ignored="0" total="13" passed="13" failed="0" skipped="0">
  <reporter-output>
  </reporter-output>
  <suite started-at="2021-11-09T01:19:36 IST" name="EcomWebapp Testsuite" finished-at="2021-11-09T01:21:29 IST" duration-ms="112474">
    <groups>
      <group name="ChromeOnly">
        <method signature="BrowserSpecificGroupTest.lauchChromeTest()[pri:0, instance:com.webapplication.test.group.BrowserSpecificGroupTest@2a798d51]" name="lauchChromeTest" class="com.webapplication.test.group.BrowserSpecificGroupTest"/>
        <method signature="BrowserSpecificGroupTest.testAmazonHomepage()[pri:0, instance:com.webapplication.test.group.BrowserSpecificGroupTest@2a798d51]" name="testAmazonHomepage" class="com.webapplication.test.group.BrowserSpecificGroupTest"/>
        <method signature="BrowserSpecificGroupTest.testHompageSource()[pri:1, instance:com.webapplication.test.group.BrowserSpecificGroupTest@2a798d51]" name="testHompageSource" class="com.webapplication.test.group.BrowserSpecificGroupTest"/>
        <method signature="BrowserSpecificGroupTest.testSearch1()[pri:2, instance:com.webapplication.test.group.BrowserSpecificGroupTest@2a798d51]" name="testSearch1" class="com.webapplication.test.group.BrowserSpecificGroupTest"/>
      </group> <!-- ChromeOnly -->
      <group name="FirefoxOnly">
        <method signature="BrowserSpecificGroupTest.lauchFireFoxTest()[pri:0, instance:com.webapplication.test.group.BrowserSpecificGroupTest@2a798d51]" name="lauchFireFoxTest" class="com.webapplication.test.group.BrowserSpecificGroupTest"/>
        <method signature="BrowserSpecificGroupTest.testFacebookHomePage()[pri:0, instance:com.webapplication.test.group.BrowserSpecificGroupTest@2a798d51]" name="testFacebookHomePage" class="com.webapplication.test.group.BrowserSpecificGroupTest"/>
        <method signature="BrowserSpecificGroupTest.testFacebookloginTest()[pri:1, instance:com.webapplication.test.group.BrowserSpecificGroupTest@2a798d51]" name="testFacebookloginTest" class="com.webapplication.test.group.BrowserSpecificGroupTest"/>
      </group> <!-- FirefoxOnly -->
    </groups>
    <test started-at="2021-11-09T01:19:36 IST" name="Amazon Test" finished-at="2021-11-09T01:20:25 IST" duration-ms="48635">
      <class name="com.webapplication.test.amazon.AmazonHomepageTest">
        <test-method is-config="true" signature="beforeMethod()[pri:0, instance:com.webapplication.test.amazon.AmazonHomepageTest@1ddf84b8]" started-at="2021-11-09T01:19:36 IST" name="beforeMethod" finished-at="2021-11-09T01:19:45 IST" duration-ms="8357" status="PASS">
          <reporter-output>
          </reporter-output>
        </test-method> <!-- beforeMethod -->
        <test-method signature="testSearch1()[pri:0, instance:com.webapplication.test.amazon.AmazonHomepageTest@1ddf84b8]" started-at="2021-11-09T01:19:45 IST" name="testSearch1" finished-at="2021-11-09T01:19:49 IST" duration-ms="4552" status="PASS">
          <reporter-output>
          </reporter-output>
        </test-method> <!-- testSearch1 -->
        <test-method is-config="true" signature="afterMethod()[pri:0, instance:com.webapplication.test.amazon.AmazonHomepageTest@1ddf84b8]" started-at="2021-11-09T01:19:49 IST" name="afterMethod" finished-at="2021-11-09T01:19:50 IST" duration-ms="638" status="PASS">
          <reporter-output>
          </reporter-output>
        </test-method> <!-- afterMethod -->
        <test-method is-config="true" signature="beforeMethod()[pri:0, instance:com.webapplication.test.amazon.AmazonHomepageTest@1ddf84b8]" started-at="2021-11-09T01:19:50 IST" name="beforeMethod" finished-at="2021-11-09T01:19:57 IST" duration-ms="6733" status="PASS">
          <reporter-output>
          </reporter-output>
        </test-method> <!-- beforeMethod -->
        <test-method signature="testSearch2()[pri:0, instance:com.webapplication.test.amazon.AmazonHomepageTest@1ddf84b8]" started-at="2021-11-09T01:19:57 IST" name="testSearch2" finished-at="2021-11-09T01:20:01 IST" duration-ms="4528" status="PASS">
          <reporter-output>
          </reporter-output>
        </test-method> <!-- testSearch2 -->
        <test-method is-config="true" signature="afterMethod()[pri:0, instance:com.webapplication.test.amazon.AmazonHomepageTest@1ddf84b8]" started-at="2021-11-09T01:20:01 IST" name="afterMethod" finished-at="2021-11-09T01:20:05 IST" duration-ms="4144" status="PASS">
          <reporter-output>
          </reporter-output>
        </test-method> <!-- afterMethod -->
      </class> <!-- com.webapplication.test.amazon.AmazonHomepageTest -->
      <class name="com.webapplication.test.amazon.AmazonSearchTest">
        <test-method is-config="true" signature="beforeMethod()[pri:0, instance:com.webapplication.test.amazon.AmazonSearchTest@72057ecf]" started-at="2021-11-09T01:20:05 IST" name="beforeMethod" finished-at="2021-11-09T01:20:13 IST" duration-ms="8070" status="PASS">
          <reporter-output>
          </reporter-output>
        </test-method> <!-- beforeMethod -->
        <test-method signature="testAmazonHomepage()[pri:0, instance:com.webapplication.test.amazon.AmazonSearchTest@72057ecf]" started-at="2021-11-09T01:20:13 IST" name="testAmazonHomepage" finished-at="2021-11-09T01:20:13 IST" duration-ms="62" status="PASS">
          <reporter-output>
          </reporter-output>
        </test-method> <!-- testAmazonHomepage -->
        <test-method is-config="true" signature="afterMethod()[pri:0, instance:com.webapplication.test.amazon.AmazonSearchTest@72057ecf]" started-at="2021-11-09T01:20:13 IST" name="afterMethod" finished-at="2021-11-09T01:20:15 IST" duration-ms="1402" status="PASS">
          <reporter-output>
          </reporter-output>
        </test-method> <!-- afterMethod -->
        <test-method is-config="true" signature="beforeMethod()[pri:0, instance:com.webapplication.test.amazon.AmazonSearchTest@72057ecf]" started-at="2021-11-09T01:20:15 IST" name="beforeMethod" finished-at="2021-11-09T01:20:21 IST" duration-ms="5874" status="PASS">
          <reporter-output>
          </reporter-output>
        </test-method> <!-- beforeMethod -->
        <test-method signature="testHompageSource()[pri:0, instance:com.webapplication.test.amazon.AmazonSearchTest@72057ecf]" started-at="2021-11-09T01:20:21 IST" name="testHompageSource" finished-at="2021-11-09T01:20:21 IST" duration-ms="81" status="PASS">
          <reporter-output>
          </reporter-output>
        </test-method> <!-- testHompageSource -->
        <test-method is-config="true" signature="afterMethod()[pri:0, instance:com.webapplication.test.amazon.AmazonSearchTest@72057ecf]" started-at="2021-11-09T01:20:21 IST" name="afterMethod" finished-at="2021-11-09T01:20:25 IST" duration-ms="4126" status="PASS">
          <reporter-output>
          </reporter-output>
        </test-method> <!-- afterMethod -->
      </class> <!-- com.webapplication.test.amazon.AmazonSearchTest -->
    </test> <!-- Amazon Test -->
    <test started-at="2021-11-09T01:20:25 IST" name="Facebook Test" finished-at="2021-11-09T01:20:46 IST" duration-ms="21044">
      <class name="com.webapplication.test.facebook.FacebookLoginTest">
        <test-method is-config="true" signature="beforeMethod()[pri:0, instance:com.webapplication.test.facebook.FacebookLoginTest@6379eb]" started-at="2021-11-09T01:20:25 IST" name="beforeMethod" finished-at="2021-11-09T01:20:36 IST" duration-ms="11522" status="PASS">
          <reporter-output>
          </reporter-output>
        </test-method> <!-- beforeMethod -->
        <test-method signature="testFacebookHomePage()[pri:0, instance:com.webapplication.test.facebook.FacebookLoginTest@6379eb]" started-at="2021-11-09T01:20:36 IST" name="testFacebookHomePage" finished-at="2021-11-09T01:20:37 IST" duration-ms="106" status="PASS">
          <reporter-output>
          </reporter-output>
        </test-method> <!-- testFacebookHomePage -->
        <test-method is-config="true" signature="afterMethod()[pri:0, instance:com.webapplication.test.facebook.FacebookLoginTest@6379eb]" started-at="2021-11-09T01:20:37 IST" name="afterMethod" finished-at="2021-11-09T01:20:37 IST" duration-ms="798" status="PASS">
          <reporter-output>
          </reporter-output>
        </test-method> <!-- afterMethod -->
        <test-method is-config="true" signature="beforeMethod()[pri:0, instance:com.webapplication.test.facebook.FacebookLoginTest@6379eb]" started-at="2021-11-09T01:20:37 IST" name="beforeMethod" finished-at="2021-11-09T01:20:42 IST" duration-ms="4288" status="PASS">
          <reporter-output>
          </reporter-output>
        </test-method> <!-- beforeMethod -->
        <test-method signature="testFacebookloginTest()[pri:0, instance:com.webapplication.test.facebook.FacebookLoginTest@6379eb]" started-at="2021-11-09T01:20:42 IST" name="testFacebookloginTest" finished-at="2021-11-09T01:20:42 IST" duration-ms="209" status="PASS">
          <reporter-output>
          </reporter-output>
        </test-method> <!-- testFacebookloginTest -->
        <test-method is-config="true" signature="afterMethod()[pri:0, instance:com.webapplication.test.facebook.FacebookLoginTest@6379eb]" started-at="2021-11-09T01:20:42 IST" name="afterMethod" finished-at="2021-11-09T01:20:46 IST" duration-ms="4113" status="PASS">
          <reporter-output>
          </reporter-output>
        </test-method> <!-- afterMethod -->
      </class> <!-- com.webapplication.test.facebook.FacebookLoginTest -->
    </test> <!-- Facebook Test -->
    <test started-at="2021-11-09T01:20:46 IST" name="Group Test" finished-at="2021-11-09T01:21:29 IST" duration-ms="42746">
      <class name="com.webapplication.test.group.BrowserSpecificGroupTest">
        <test-method signature="lauchChromeTest()[pri:0, instance:com.webapplication.test.group.BrowserSpecificGroupTest@2a798d51]" started-at="2021-11-09T01:20:46 IST" name="lauchChromeTest" finished-at="2021-11-09T01:20:55 IST" duration-ms="9312" status="PASS">
          <reporter-output>
          </reporter-output>
        </test-method> <!-- lauchChromeTest -->
        <test-method signature="lauchFireFoxTest()[pri:0, instance:com.webapplication.test.group.BrowserSpecificGroupTest@2a798d51]" started-at="2021-11-09T01:20:55 IST" name="lauchFireFoxTest" finished-at="2021-11-09T01:21:12 IST" duration-ms="17072" status="PASS">
          <reporter-output>
          </reporter-output>
        </test-method> <!-- lauchFireFoxTest -->
        <test-method signature="testAmazonHomepage()[pri:0, instance:com.webapplication.test.group.BrowserSpecificGroupTest@2a798d51]" started-at="2021-11-09T01:21:12 IST" name="testAmazonHomepage" finished-at="2021-11-09T01:21:12 IST" depends-on-methods="com.webapplication.test.group.BrowserSpecificGroupTest.lauchChromeTest" duration-ms="18" status="PASS">
          <reporter-output>
          </reporter-output>
        </test-method> <!-- testAmazonHomepage -->
        <test-method signature="testFacebookHomePage()[pri:0, instance:com.webapplication.test.group.BrowserSpecificGroupTest@2a798d51]" started-at="2021-11-09T01:21:12 IST" name="testFacebookHomePage" finished-at="2021-11-09T01:21:16 IST" depends-on-methods="com.webapplication.test.group.BrowserSpecificGroupTest.lauchFireFoxTest" duration-ms="3124" status="PASS">
          <reporter-output>
          </reporter-output>
        </test-method> <!-- testFacebookHomePage -->
        <test-method signature="testFacebookloginTest()[pri:1, instance:com.webapplication.test.group.BrowserSpecificGroupTest@2a798d51]" started-at="2021-11-09T01:21:16 IST" name="testFacebookloginTest" finished-at="2021-11-09T01:21:21 IST" depends-on-methods="com.webapplication.test.group.BrowserSpecificGroupTest.lauchFireFoxTest" duration-ms="5148" status="PASS">
          <reporter-output>
          </reporter-output>
        </test-method> <!-- testFacebookloginTest -->
        <test-method signature="testHompageSource()[pri:1, instance:com.webapplication.test.group.BrowserSpecificGroupTest@2a798d51]" started-at="2021-11-09T01:21:21 IST" name="testHompageSource" finished-at="2021-11-09T01:21:21 IST" depends-on-methods="com.webapplication.test.group.BrowserSpecificGroupTest.lauchChromeTest" duration-ms="7" status="PASS">
          <reporter-output>
          </reporter-output>
        </test-method> <!-- testHompageSource -->
        <test-method signature="testSearch1()[pri:2, instance:com.webapplication.test.group.BrowserSpecificGroupTest@2a798d51]" started-at="2021-11-09T01:21:21 IST" name="testSearch1" finished-at="2021-11-09T01:21:29 IST" depends-on-methods="com.webapplication.test.group.BrowserSpecificGroupTest.lauchChromeTest" duration-ms="8041" status="PASS">
          <reporter-output>
          </reporter-output>
        </test-method> <!-- testSearch1 -->
      </class> <!-- com.webapplication.test.group.BrowserSpecificGroupTest -->
    </test> <!-- Group Test -->
  </suite> <!-- EcomWebapp Testsuite -->
</testng-results>
