<?xml version="1.0" encoding="UTF-8"?>
<!-- Generated by org.testng.reporters.JUnitXMLReporter -->
<testsuite ignored="0" hostname="LAPTOP-2AVL433R" failures="0" tests="4" name="Amazon Test" time="48.635" errors="0" timestamp="2021-11-09T01:20:25 IST">
  <testcase classname="com.webapplication.test.amazon.AmazonHomepageTest" name="testSearch1" time="4.552"/>
  <testcase classname="com.webapplication.test.amazon.AmazonHomepageTest" name="testSearch2" time="4.528"/>
  <testcase classname="com.webapplication.test.amazon.AmazonSearchTest" name="testAmazonHomepage" time="0.062"/>
  <testcase classname="com.webapplication.test.amazon.AmazonSearchTest" name="testHompageSource" time="0.081"/>
</testsuite> <!-- Amazon Test -->
