<?xml version="1.0" encoding="UTF-8"?>
<!-- Generated by org.testng.reporters.JUnitXMLReporter -->
<testsuite ignored="0" hostname="LAPTOP-2AVL433R" failures="0" tests="2" name="Facebook Test" time="21.044" errors="0" timestamp="2021-11-09T01:20:46 IST">
  <testcase classname="com.webapplication.test.facebook.FacebookLoginTest" name="testFacebookHomePage" time="0.106"/>
  <testcase classname="com.webapplication.test.facebook.FacebookLoginTest" name="testFacebookloginTest" time="0.209"/>
</testsuite> <!-- Facebook Test -->
