<?xml version="1.0" encoding="UTF-8"?>
<!-- Generated by org.testng.reporters.JUnitXMLReporter -->
<testsuite ignored="0" hostname="LAPTOP-2AVL433R" failures="0" tests="7" name="Group Test" time="42.746" errors="0" timestamp="2021-11-09T01:21:29 IST">
  <testcase classname="com.webapplication.test.group.BrowserSpecificGroupTest" name="lauchChromeTest" time="9.312"/>
  <testcase classname="com.webapplication.test.group.BrowserSpecificGroupTest" name="lauchFireFoxTest" time="17.072"/>
  <testcase classname="com.webapplication.test.group.BrowserSpecificGroupTest" name="testAmazonHomepage" time="0.018"/>
  <testcase classname="com.webapplication.test.group.BrowserSpecificGroupTest" name="testFacebookHomePage" time="3.124"/>
  <testcase classname="com.webapplication.test.group.BrowserSpecificGroupTest" name="testFacebookloginTest" time="5.148"/>
  <testcase classname="com.webapplication.test.group.BrowserSpecificGroupTest" name="testHompageSource" time="0.007"/>
  <testcase classname="com.webapplication.test.group.BrowserSpecificGroupTest" name="testSearch1" time="8.041"/>
</testsuite> <!-- Group Test -->
